0 info it worked if it ends with ok
1 verbose cli [ 'C:\\Program Files\\nodejs\\node.exe',
1 verbose cli   'C:\\Users\\Marcius\\AppData\\Roaming\\npm\\node_modules\\npm\\bin\\npm-cli.js',
1 verbose cli   'publish' ]
2 info using npm@3.3.10
3 info using node@v4.2.1
4 verbose publish [ '.' ]
5 silly cache add args [ '.', null ]
6 verbose cache add spec .
7 silly cache add parsed spec Result {
7 silly cache add   raw: '.',
7 silly cache add   scope: null,
7 silly cache add   name: null,
7 silly cache add   rawSpec: '.',
7 silly cache add   spec: 'D:\\GoogleDrive\\OSF\\MyProjects\\Demandware\\Projects\\Ubisoft\\mobilePerformanceResearch\\tinyPng',
7 silly cache add   type: 'directory' }
8 verbose addLocalDirectory C:\Users\Marcius\AppData\Roaming\npm-cache\img-tinyfy\1.0.0\package.tgz not in flight; packing
9 info lifecycle img-tinyfy@1.0.0~prepublish: img-tinyfy@1.0.0
10 silly lifecycle img-tinyfy@1.0.0~prepublish: no script for prepublish, continuing
11 verbose tar pack [ 'C:\\Users\\Marcius\\AppData\\Roaming\\npm-cache\\img-tinyfy\\1.0.0\\package.tgz',
11 verbose tar pack   'D:\\GoogleDrive\\OSF\\MyProjects\\Demandware\\Projects\\Ubisoft\\mobilePerformanceResearch\\tinyPng' ]
12 verbose tarball C:\Users\Marcius\AppData\Roaming\npm-cache\img-tinyfy\1.0.0\package.tgz
13 verbose folder D:\GoogleDrive\OSF\MyProjects\Demandware\Projects\Ubisoft\mobilePerformanceResearch\tinyPng
14 verbose addLocalTarball adding from inside cache C:\Users\Marcius\AppData\Roaming\npm-cache\img-tinyfy\1.0.0\package.tgz
15 silly cache afterAdd img-tinyfy@1.0.0
16 verbose afterAdd C:\Users\Marcius\AppData\Roaming\npm-cache\img-tinyfy\1.0.0\package\package.json not in flight; writing
17 verbose afterAdd C:\Users\Marcius\AppData\Roaming\npm-cache\img-tinyfy\1.0.0\package\package.json written
18 silly publish { name: 'img-tinyfy',
18 silly publish   version: '1.0.0',
18 silly publish   description: 'Compress All images under the folder',
18 silly publish   main: 'index.js',
18 silly publish   scripts: { test: 'img-tinyfy' },
18 silly publish   repository:
18 silly publish    { type: 'git',
18 silly publish      url: 'git+https://github.com/DarthMarcius/img-tinify.git' },
18 silly publish   keywords: [ 'images', 'optimization', 'tinypng' ],
18 silly publish   author: { name: 'markiyan_pyts' },
18 silly publish   license: 'ISC',
18 silly publish   preferGlobal: true,
18 silly publish   bin: { 'img-tinyfy': 'index.js' },
18 silly publish   bugs: { url: 'https://github.com/DarthMarcius/img-tinify/issues' },
18 silly publish   homepage: 'https://github.com/DarthMarcius/img-tinify#readme',
18 silly publish   dependencies: { 'recursive-readdir': '^2.0.0', tinify: '^1.3.0' },
18 silly publish   readme: '# img-tinyfy\r\n> It\'s npm tool based on https://tinypng.com API which allows you to minify all images under the folder you navigated to in Windows command line or Unix terminal.\r\n\r\n##Installation\r\nTool must be installed globally to be used.\r\n\r\n1. Inatall node.js and npm from here https://nodejs.org/en/\r\n2. Get Your API key from https://tinypng.com/developers\r\n3. Run ```npm install -g img-tinyfy```\r\n4. Navigate to folder with your images with ```cd``` command\r\n5. Run ```img-tinyfy Your API KEY HERE``` for example ```img-tinify AFFfSGgH35FFDs56```\r\n\r\nBy tunning step 5 all ```png``` and ```jpg``` images in current directory and it\'s subdirectories will get optimized.\r\n\r\n>Note: you have 500 images per month to optimize for free, you have to pay https://tinypng.com to get more images optimized per 1 month.\r\n\r\nTo Get info about how much images you already optimized this month run the following command:\r\n\r\n```img-tinyfy Your API KEY HERE count```\r\n\r\nFor example:\r\n\r\n```img-tinyfy AFFfSGgH35FFDs56 count```\r\n\r\n\r\n\r\n\r\n',
18 silly publish   readmeFilename: 'README.md',
18 silly publish   gitHead: '78e2368e2bebdc282214802be1dc21bdfbec0486',
18 silly publish   _id: 'img-tinyfy@1.0.0',
18 silly publish   _shasum: '2c5ce44367a727158fd0f468850449a1d59e1c1c',
18 silly publish   _from: '.' }
19 verbose getPublishConfig undefined
20 silly mapToRegistry name img-tinyfy
21 silly mapToRegistry using default registry
22 silly mapToRegistry registry https://registry.npmjs.org/
23 silly mapToRegistry uri https://registry.npmjs.org/img-tinyfy
24 verbose publish registryBase https://registry.npmjs.org/
25 silly publish uploading C:\Users\Marcius\AppData\Roaming\npm-cache\img-tinyfy\1.0.0\package.tgz
26 verbose request uri https://registry.npmjs.org/img-tinyfy
27 verbose request sending authorization for write operation
28 info attempt registry request try #1 at 12:50:07 AM
29 verbose request using bearer token for auth
30 verbose request id b8a5024e4f41c2de
31 http request PUT https://registry.npmjs.org/img-tinyfy
32 http 403 https://registry.npmjs.org/img-tinyfy
33 verbose headers { 'content-type': 'application/json',
33 verbose headers   'cache-control': 'max-age=300',
33 verbose headers   'content-length': '95',
33 verbose headers   'accept-ranges': 'bytes',
33 verbose headers   date: 'Tue, 14 Jun 2016 21:50:07 GMT',
33 verbose headers   via: '1.1 varnish',
33 verbose headers   connection: 'keep-alive',
33 verbose headers   'x-served-by': 'cache-ams4125-AMS',
33 verbose headers   'x-cache': 'MISS',
33 verbose headers   'x-cache-hits': '0',
33 verbose headers   'x-timer': 'S1465941006.691625,VS0,VE972',
33 verbose headers   vary: 'Accept-Encoding' }
34 verbose request invalidating C:\Users\Marcius\AppData\Roaming\npm-cache\registry.npmjs.org\img-tinyfy on PUT
35 error publish Failed PUT 403
36 verbose stack Error: "You cannot publish over the previously published version 1.0.0." : img-tinyfy
36 verbose stack     at makeError (C:\Users\Marcius\AppData\Roaming\npm\node_modules\npm\node_modules\npm-registry-client\lib\request.js:264:12)
36 verbose stack     at CachingRegistryClient.<anonymous> (C:\Users\Marcius\AppData\Roaming\npm\node_modules\npm\node_modules\npm-registry-client\lib\request.js:252:14)
36 verbose stack     at Request._callback (C:\Users\Marcius\AppData\Roaming\npm\node_modules\npm\node_modules\npm-registry-client\lib\request.js:172:14)
36 verbose stack     at Request.self.callback (C:\Users\Marcius\AppData\Roaming\npm\node_modules\npm\node_modules\request\request.js:198:22)
36 verbose stack     at emitTwo (events.js:87:13)
36 verbose stack     at Request.emit (events.js:172:7)
36 verbose stack     at Request.<anonymous> (C:\Users\Marcius\AppData\Roaming\npm\node_modules\npm\node_modules\request\request.js:1082:10)
36 verbose stack     at emitOne (events.js:82:20)
36 verbose stack     at Request.emit (events.js:169:7)
36 verbose stack     at IncomingMessage.<anonymous> (C:\Users\Marcius\AppData\Roaming\npm\node_modules\npm\node_modules\request\request.js:1009:12)
37 verbose statusCode 403
38 verbose pkgid img-tinyfy
39 verbose cwd D:\GoogleDrive\OSF\MyProjects\Demandware\Projects\Ubisoft\mobilePerformanceResearch\tinyPng
40 error Windows_NT 10.0.10586
41 error argv "C:\\Program Files\\nodejs\\node.exe" "C:\\Users\\Marcius\\AppData\\Roaming\\npm\\node_modules\\npm\\bin\\npm-cli.js" "publish"
42 error node v4.2.1
43 error npm  v3.3.10
44 error code E403
45 error "You cannot publish over the previously published version 1.0.0." : img-tinyfy
46 error If you need help, you may report this error at:
46 error     <https://github.com/npm/npm/issues>
47 verbose exit [ 1, true ]
